c:\users\ivan\desktop\other world\current build\ntech_2d_crystal_enging\zombiegame\debug\vc120.pdb
c:\users\ivan\desktop\other world\current build\ntech_2d_crystal_enging\zombiegame\debug\vc120.idb
c:\users\ivan\desktop\other world\current build\ntech_2d_crystal_enging\zombiegame\debug\gun.obj
c:\users\ivan\desktop\other world\current build\ntech_2d_crystal_enging\zombiegame\debug\agent.obj
c:\users\ivan\desktop\other world\current build\ntech_2d_crystal_enging\zombiegame\debug\bullet.obj
c:\users\ivan\desktop\other world\current build\ntech_2d_crystal_enging\zombiegame\debug\human.obj
c:\users\ivan\desktop\other world\current build\ntech_2d_crystal_enging\zombiegame\debug\level.obj
c:\users\ivan\desktop\other world\current build\ntech_2d_crystal_enging\zombiegame\debug\maingame.obj
c:\users\ivan\desktop\other world\current build\ntech_2d_crystal_enging\zombiegame\debug\player.obj
c:\users\ivan\desktop\other world\current build\ntech_2d_crystal_enging\zombiegame\debug\zombie.obj
c:\users\ivan\desktop\other world\current build\ntech_2d_crystal_enging\zombiegame\debug\main.obj
c:\users\ivan\desktop\other world\current build\ntech_2d_crystal_enging\debug\zombiegame.ilk
c:\users\ivan\desktop\other world\current build\ntech_2d_crystal_enging\debug\zombiegame.exe
c:\users\ivan\desktop\other world\current build\ntech_2d_crystal_enging\debug\zombiegame.pdb
c:\users\ivan\desktop\other world\current build\ntech_2d_crystal_enging\zombiegame\debug\zombiegame.tlog\cl.command.1.tlog
c:\users\ivan\desktop\other world\current build\ntech_2d_crystal_enging\zombiegame\debug\zombiegame.tlog\cl.read.1.tlog
c:\users\ivan\desktop\other world\current build\ntech_2d_crystal_enging\zombiegame\debug\zombiegame.tlog\cl.write.1.tlog
c:\users\ivan\desktop\other world\current build\ntech_2d_crystal_enging\zombiegame\debug\zombiegame.tlog\link.command.1.tlog
c:\users\ivan\desktop\other world\current build\ntech_2d_crystal_enging\zombiegame\debug\zombiegame.tlog\link.read.1.tlog
c:\users\ivan\desktop\other world\current build\ntech_2d_crystal_enging\zombiegame\debug\zombiegame.tlog\link.write.1.tlog
