Build started 29/10/2015 10:33:35.
     1>Project "C:\Users\Ivan\Desktop\Other world\Current Build\NTech_2D_Crystal_Enging\ZombieGame\ZombieGame.vcxproj" on node 2 (Rebuild target(s)).
     1>ClCompile:
         C:\Program Files (x86)\Microsoft Visual Studio 12.0\VC\bin\CL.exe /c /ZI /nologo /W3 /WX- /Od /Oy- /D WIN32 /D _DEBUG /D _CONSOLE /D _LIB /D _UNICODE /D UNICODE /Gm /EHsc /RTC1 /MDd /GS /fp:precise /Zc:wchar_t /Zc:forScope /Fo"Debug\\" /Fd"Debug\vc120.pdb" /Gd /TP /analyze- /errorReport:prompt Agent.cpp Bullet.cpp Gun.cpp Human.cpp Level.cpp main.cpp MainGame.cpp Player.cpp Zombie.cpp
         Zombie.cpp
     1>c:\users\ivan\desktop\other world\current build\ntech_2d_crystal_enging\zombiegame\zombie.cpp(45): warning C4390: ';' : empty controlled statement found; is this the intent?
     1>c:\users\ivan\desktop\other world\current build\ntech_2d_crystal_enging\zombiegame\zombie.cpp(52): warning C4018: '<' : signed/unsigned mismatch
         Player.cpp
         MainGame.cpp
     1>c:\users\ivan\desktop\other world\current build\ntech_2d_crystal_enging\ntech_2d_crystal\spritefont.h(36): warning C4099: 'NTCrystal::GLTexture' : type name first seen using 'struct' now seen using 'class'
                 c:\users\ivan\desktop\other world\current build\ntech_2d_crystal_enging\ntech_2d_crystal\gltexture.h(6) : see declaration of 'NTCrystal::GLTexture'
     1>c:\users\ivan\desktop\other world\current build\ntech_2d_crystal_enging\zombiegame\maingame.cpp(44): warning C4018: '<' : signed/unsigned mismatch
     1>c:\users\ivan\desktop\other world\current build\ntech_2d_crystal_enging\zombiegame\maingame.cpp(65): warning C4244: 'argument' : conversion from 'float' to 'int', possible loss of data
     1>c:\users\ivan\desktop\other world\current build\ntech_2d_crystal_enging\zombiegame\maingame.cpp(71): warning C4244: 'argument' : conversion from 'float' to 'int', possible loss of data
     1>c:\users\ivan\desktop\other world\current build\ntech_2d_crystal_enging\zombiegame\maingame.cpp(74): warning C4244: 'argument' : conversion from 'float' to 'int', possible loss of data
     1>c:\users\ivan\desktop\other world\current build\ntech_2d_crystal_enging\zombiegame\maingame.cpp(127): warning C4244: 'argument' : conversion from 'time_t' to 'unsigned long', possible loss of data
     1>c:\users\ivan\desktop\other world\current build\ntech_2d_crystal_enging\zombiegame\maingame.cpp(129): warning C4244: 'argument' : conversion from 'int' to 'float', possible loss of data
     1>c:\users\ivan\desktop\other world\current build\ntech_2d_crystal_enging\zombiegame\maingame.cpp(130): warning C4244: 'argument' : conversion from 'int' to 'float', possible loss of data
     1>c:\users\ivan\desktop\other world\current build\ntech_2d_crystal_enging\zombiegame\maingame.cpp(144): warning C4018: '<' : signed/unsigned mismatch
     1>c:\users\ivan\desktop\other world\current build\ntech_2d_crystal_enging\zombiegame\maingame.cpp(170): warning C4244: 'initializing' : conversion from 'Uint32' to 'float', possible loss of data
     1>c:\users\ivan\desktop\other world\current build\ntech_2d_crystal_enging\zombiegame\maingame.cpp(195): warning C4244: 'initializing' : conversion from 'Uint32' to 'float', possible loss of data
     1>c:\users\ivan\desktop\other world\current build\ntech_2d_crystal_enging\zombiegame\maingame.cpp(270): warning C4244: 'argument' : conversion from 'Sint32' to 'float', possible loss of data
     1>c:\users\ivan\desktop\other world\current build\ntech_2d_crystal_enging\zombiegame\maingame.cpp(337): warning C4018: '<' : signed/unsigned mismatch
     1>c:\users\ivan\desktop\other world\current build\ntech_2d_crystal_enging\zombiegame\maingame.cpp(345): warning C4018: '<' : signed/unsigned mismatch
     1>c:\users\ivan\desktop\other world\current build\ntech_2d_crystal_enging\zombiegame\maingame.cpp(353): warning C4018: '<' : signed/unsigned mismatch
     1>c:\users\ivan\desktop\other world\current build\ntech_2d_crystal_enging\zombiegame\maingame.cpp(462): warning C4018: '<' : signed/unsigned mismatch
     1>c:\users\ivan\desktop\other world\current build\ntech_2d_crystal_enging\zombiegame\maingame.cpp(470): warning C4018: '<' : signed/unsigned mismatch
     1>c:\users\ivan\desktop\other world\current build\ntech_2d_crystal_enging\zombiegame\maingame.cpp(479): warning C4018: '<' : signed/unsigned mismatch
     1>c:\users\ivan\desktop\other world\current build\ntech_2d_crystal_enging\zombiegame\maingame.cpp(481): warning C4018: '<' : signed/unsigned mismatch
     1>c:\users\ivan\desktop\other world\current build\ntech_2d_crystal_enging\zombiegame\maingame.cpp(485): warning C4018: '<' : signed/unsigned mismatch
     1>c:\users\ivan\desktop\other world\current build\ntech_2d_crystal_enging\zombiegame\maingame.cpp(512): warning C4018: '<' : signed/unsigned mismatch
     1>c:\users\ivan\desktop\other world\current build\ntech_2d_crystal_enging\zombiegame\maingame.cpp(514): warning C4018: '<' : signed/unsigned mismatch
     1>c:\users\ivan\desktop\other world\current build\ntech_2d_crystal_enging\zombiegame\maingame.cpp(523): warning C4018: '<' : signed/unsigned mismatch
     1>c:\users\ivan\desktop\other world\current build\ntech_2d_crystal_enging\zombiegame\maingame.cpp(539): warning C4018: '<' : signed/unsigned mismatch
     1>c:\users\ivan\desktop\other world\current build\ntech_2d_crystal_enging\zombiegame\maingame.cpp(542): warning C4018: '<' : signed/unsigned mismatch
     1>c:\users\ivan\desktop\other world\current build\ntech_2d_crystal_enging\zombiegame\maingame.cpp(572): warning C4018: '<' : signed/unsigned mismatch
     1>c:\users\ivan\desktop\other world\current build\ntech_2d_crystal_enging\zombiegame\maingame.cpp(624): warning C4244: 'argument' : conversion from 'time_t' to 'unsigned int', possible loss of data
         main.cpp
     1>c:\users\ivan\desktop\other world\current build\ntech_2d_crystal_enging\ntech_2d_crystal\spritefont.h(36): warning C4099: 'NTCrystal::GLTexture' : type name first seen using 'struct' now seen using 'class'
                 c:\users\ivan\desktop\other world\current build\ntech_2d_crystal_enging\ntech_2d_crystal\gltexture.h(6) : see declaration of 'NTCrystal::GLTexture'
         Level.cpp
     1>c:\users\ivan\desktop\other world\current build\ntech_2d_crystal_enging\zombiegame\level.cpp(39): warning C4018: '<' : signed/unsigned mismatch
     1>c:\users\ivan\desktop\other world\current build\ntech_2d_crystal_enging\zombiegame\level.cpp(41): warning C4018: '<' : signed/unsigned mismatch
     1>c:\users\ivan\desktop\other world\current build\ntech_2d_crystal_enging\zombiegame\level.cpp(76): warning C4244: '=' : conversion from 'const int' to 'float', possible loss of data
     1>c:\users\ivan\desktop\other world\current build\ntech_2d_crystal_enging\zombiegame\level.cpp(77): warning C4244: '=' : conversion from 'const int' to 'float', possible loss of data
     1>c:\users\ivan\desktop\other world\current build\ntech_2d_crystal_enging\zombiegame\level.cpp(192): warning C4018: '<' : signed/unsigned mismatch
     1>c:\users\ivan\desktop\other world\current build\ntech_2d_crystal_enging\zombiegame\level.cpp(194): warning C4018: '<' : signed/unsigned mismatch
     1>c:\users\ivan\desktop\other world\current build\ntech_2d_crystal_enging\zombiegame\level.cpp(229): warning C4244: '=' : conversion from 'const int' to 'float', possible loss of data
     1>c:\users\ivan\desktop\other world\current build\ntech_2d_crystal_enging\zombiegame\level.cpp(230): warning C4244: '=' : conversion from 'const int' to 'float', possible loss of data
         Human.cpp
     1>c:\users\ivan\desktop\other world\current build\ntech_2d_crystal_enging\zombiegame\human.cpp(23): warning C4244: 'argument' : conversion from 'time_t' to 'unsigned int', possible loss of data
     1>c:\users\ivan\desktop\other world\current build\ntech_2d_crystal_enging\zombiegame\human.cpp(45): warning C4244: 'argument' : conversion from 'time_t' to 'unsigned int', possible loss of data
         Gun.cpp
     1>c:\users\ivan\desktop\other world\current build\ntech_2d_crystal_enging\zombiegame\gun.cpp(37): warning C4244: 'argument' : conversion from 'time_t' to 'unsigned int', possible loss of data
         Bullet.cpp
     1>c:\users\ivan\desktop\other world\current build\ntech_2d_crystal_enging\zombiegame\bullet.cpp(72): warning C4244: '=' : conversion from 'float' to 'int', possible loss of data
     1>c:\users\ivan\desktop\other world\current build\ntech_2d_crystal_enging\zombiegame\bullet.cpp(73): warning C4244: '=' : conversion from 'float' to 'int', possible loss of data
     1>c:\users\ivan\desktop\other world\current build\ntech_2d_crystal_enging\zombiegame\bullet.cpp(76): warning C4018: '>=' : signed/unsigned mismatch
     1>c:\users\ivan\desktop\other world\current build\ntech_2d_crystal_enging\zombiegame\bullet.cpp(77): warning C4018: '>=' : signed/unsigned mismatch
         Agent.cpp
     1>c:\users\ivan\desktop\other world\current build\ntech_2d_crystal_enging\zombiegame\agent.cpp(86): warning C4018: '<' : signed/unsigned mismatch
     1>c:\users\ivan\desktop\other world\current build\ntech_2d_crystal_enging\zombiegame\agent.cpp(130): warning C4244: 'argument' : conversion from 'float' to 'unsigned int', possible loss of data
     1>c:\users\ivan\desktop\other world\current build\ntech_2d_crystal_enging\zombiegame\agent.cpp(131): warning C4244: 'argument' : conversion from 'float' to 'unsigned int', possible loss of data
         Generating Code...
       Link:
         C:\Program Files (x86)\Microsoft Visual Studio 12.0\VC\bin\link.exe /ERRORREPORT:PROMPT /OUT:"C:\Users\Ivan\Desktop\Other world\Current Build\NTech_2D_Crystal_Enging\Debug\ZombieGame.exe" /INCREMENTAL /NOLOGO SDL2.lib SDL2main.lib SDL2_Image.lib SDL2_ttf.lib SDL2_mixer.lib freeglut.lib glew32.lib NTech_2D_Crystal.lib kernel32.lib user32.lib gdi32.lib winspool.lib comdlg32.lib advapi32.lib shell32.lib ole32.lib oleaut32.lib uuid.lib odbc32.lib odbccp32.lib /MANIFEST /MANIFESTUAC:"level='asInvoker' uiAccess='false'" /manifest:embed /DEBUG /PDB:"C:\Users\Ivan\Desktop\Other world\Current Build\NTech_2D_Crystal_Enging\Debug\ZombieGame.pdb" /SUBSYSTEM:CONSOLE /TLBID:1 /DYNAMICBASE /NXCOMPAT /IMPLIB:"C:\Users\Ivan\Desktop\Other world\Current Build\NTech_2D_Crystal_Enging\Debug\ZombieGame.lib" /MACHINE:X86 Debug\Agent.obj
         Debug\Bullet.obj
         Debug\Gun.obj
         Debug\Human.obj
         Debug\Level.obj
         Debug\main.obj
         Debug\MainGame.obj
         Debug\Player.obj
         Debug\Zombie.obj
         ZombieGame.vcxproj -> C:\Users\Ivan\Desktop\Other world\Current Build\NTech_2D_Crystal_Enging\Debug\ZombieGame.exe
     1>Done Building Project "C:\Users\Ivan\Desktop\Other world\Current Build\NTech_2D_Crystal_Enging\ZombieGame\ZombieGame.vcxproj" (Rebuild target(s)).

Build succeeded.

Time Elapsed 00:00:06.74
