Build started 15.5.2016. 0:22:25.
     1>Project "C:\Users\Ivan\Desktop\Razvoj\NTech_2D_Crystal_Enging\Pong_NTechEngine\Pong_NTechEngine.vcxproj" on node 2 (Build target(s)).
     1>ClCompile:
         C:\Program Files (x86)\Microsoft Visual Studio 12.0\VC\bin\CL.exe /c /ZI /nologo /W3 /WX- /Od /Oy- /D WIN32 /D _DEBUG /D _CONSOLE /D _LIB /D _UNICODE /D UNICODE /Gm /EHsc /RTC1 /MDd /GS /fp:precise /Zc:wchar_t /Zc:forScope /Fo"Debug\\" /Fd"Debug\vc120.pdb" /Gd /TP /analyze- /errorReport:prompt MainGame.cpp main.cpp
         main.cpp
     1>c:\users\ivan\desktop\razvoj\ntech_2d_crystal_enging\ntech_2d_crystal\spritefont.h(36): warning C4099: 'NTCrystal::GLTexture' : type name first seen using 'struct' now seen using 'class'
                 c:\users\ivan\desktop\razvoj\ntech_2d_crystal_enging\ntech_2d_crystal\gltexture.h(6) : see declaration of 'NTCrystal::GLTexture'
         MainGame.cpp
     1>c:\users\ivan\desktop\razvoj\ntech_2d_crystal_enging\ntech_2d_crystal\spritefont.h(36): warning C4099: 'NTCrystal::GLTexture' : type name first seen using 'struct' now seen using 'class'
                 c:\users\ivan\desktop\razvoj\ntech_2d_crystal_enging\ntech_2d_crystal\gltexture.h(6) : see declaration of 'NTCrystal::GLTexture'
     1>c:\users\ivan\desktop\razvoj\ntech_2d_crystal_enging\pong_ntechengine\maingame.cpp(41): warning C4244: 'initializing' : conversion from 'Uint32' to 'float', possible loss of data
     1>c:\users\ivan\desktop\razvoj\ntech_2d_crystal_enging\pong_ntechengine\maingame.cpp(48): warning C4244: 'initializing' : conversion from 'Uint32' to 'float', possible loss of data
     1>c:\users\ivan\desktop\razvoj\ntech_2d_crystal_enging\pong_ntechengine\maingame.cpp(117): warning C4996: 'sprintf': This function or variable may be unsafe. Consider using sprintf_s instead. To disable deprecation, use _CRT_SECURE_NO_WARNINGS. See online help for details.
                 c:\program files (x86)\microsoft visual studio 12.0\vc\include\stdio.h(356) : see declaration of 'sprintf'
         Generating Code...
       Link:
         C:\Program Files (x86)\Microsoft Visual Studio 12.0\VC\bin\link.exe /ERRORREPORT:PROMPT /OUT:"C:\Users\Ivan\Desktop\Razvoj\NTech_2D_Crystal_Enging\Debug\Pong_NTechEngine.exe" /INCREMENTAL /NOLOGO SDL2.lib SDL2main.lib SDL2_Image.lib SDL2_ttf.lib SDL2_mixer.lib freeglut.lib glew32.lib NTech_2D_Crystal.lib kernel32.lib user32.lib gdi32.lib winspool.lib comdlg32.lib advapi32.lib shell32.lib ole32.lib oleaut32.lib uuid.lib odbc32.lib odbccp32.lib /MANIFEST /MANIFESTUAC:"level='asInvoker' uiAccess='false'" /manifest:embed /DEBUG /PDB:"C:\Users\Ivan\Desktop\Razvoj\NTech_2D_Crystal_Enging\Debug\Pong_NTechEngine.pdb" /SUBSYSTEM:CONSOLE /TLBID:1 /DYNAMICBASE /NXCOMPAT /IMPLIB:"C:\Users\Ivan\Desktop\Razvoj\NTech_2D_Crystal_Enging\Debug\Pong_NTechEngine.lib" /MACHINE:X86 Debug\Entity.obj
         Debug\main.obj
         Debug\MainGame.obj
         NTech_2D_Crystal.lib(NTCrystal.obj) : MSIL .netmodule or module compiled with /GL found; restarting link with /LTCG; add /LTCG to the link command line to improve linker performance
     1>LINK : warning LNK4075: ignoring '/INCREMENTAL' due to '/LTCG' specification
     1>Entity.obj : warning LNK4075: ignoring '/EDITANDCONTINUE' due to '/OPT:LBR' specification
     1>NTech_2D_Crystal.lib(Window.obj) : error LNK2038: mismatch detected for '_ITERATOR_DEBUG_LEVEL': value '0' doesn't match value '2' in main.obj
     1>NTech_2D_Crystal.lib(Window.obj) : error LNK2038: mismatch detected for 'RuntimeLibrary': value 'MD_DynamicRelease' doesn't match value 'MDd_DynamicDebug' in main.obj
     1>NTech_2D_Crystal.lib(GLSLProgram.obj) : error LNK2038: mismatch detected for '_ITERATOR_DEBUG_LEVEL': value '0' doesn't match value '2' in main.obj
     1>NTech_2D_Crystal.lib(GLSLProgram.obj) : error LNK2038: mismatch detected for 'RuntimeLibrary': value 'MD_DynamicRelease' doesn't match value 'MDd_DynamicDebug' in main.obj
     1>NTech_2D_Crystal.lib(InputManager.obj) : error LNK2038: mismatch detected for '_ITERATOR_DEBUG_LEVEL': value '0' doesn't match value '2' in main.obj
     1>NTech_2D_Crystal.lib(InputManager.obj) : error LNK2038: mismatch detected for 'RuntimeLibrary': value 'MD_DynamicRelease' doesn't match value 'MDd_DynamicDebug' in main.obj
     1>NTech_2D_Crystal.lib(Camera2D.obj) : error LNK2038: mismatch detected for '_ITERATOR_DEBUG_LEVEL': value '0' doesn't match value '2' in main.obj
     1>NTech_2D_Crystal.lib(Camera2D.obj) : error LNK2038: mismatch detected for 'RuntimeLibrary': value 'MD_DynamicRelease' doesn't match value 'MDd_DynamicDebug' in main.obj
     1>NTech_2D_Crystal.lib(SpriteBatch.obj) : error LNK2038: mismatch detected for '_ITERATOR_DEBUG_LEVEL': value '0' doesn't match value '2' in main.obj
     1>NTech_2D_Crystal.lib(SpriteBatch.obj) : error LNK2038: mismatch detected for 'RuntimeLibrary': value 'MD_DynamicRelease' doesn't match value 'MDd_DynamicDebug' in main.obj
     1>NTech_2D_Crystal.lib(SpriteFont.obj) : error LNK2038: mismatch detected for '_ITERATOR_DEBUG_LEVEL': value '0' doesn't match value '2' in main.obj
     1>NTech_2D_Crystal.lib(SpriteFont.obj) : error LNK2038: mismatch detected for 'RuntimeLibrary': value 'MD_DynamicRelease' doesn't match value 'MDd_DynamicDebug' in main.obj
     1>NTech_2D_Crystal.lib(NTErrors.obj) : error LNK2038: mismatch detected for '_ITERATOR_DEBUG_LEVEL': value '0' doesn't match value '2' in main.obj
     1>NTech_2D_Crystal.lib(NTErrors.obj) : error LNK2038: mismatch detected for 'RuntimeLibrary': value 'MD_DynamicRelease' doesn't match value 'MDd_DynamicDebug' in main.obj
     1>LINK : warning LNK4098: defaultlib 'MSVCRT' conflicts with use of other libs; use /NODEFAULTLIB:library
     1>C:\Users\Ivan\Desktop\Razvoj\NTech_2D_Crystal_Enging\Debug\Pong_NTechEngine.exe : fatal error LNK1319: 14 mismatches detected
     1>Done Building Project "C:\Users\Ivan\Desktop\Razvoj\NTech_2D_Crystal_Enging\Pong_NTechEngine\Pong_NTechEngine.vcxproj" (Build target(s)) -- FAILED.

Build FAILED.

Time Elapsed 00:00:01.38
