Build started 14.5.2016. 14:59:56.
     1>Project "C:\Users\Ivan\Desktop\Razvoj\NTech_2D_Crystal_Enging\Pong_NTechEngine\Pong_NTechEngine.vcxproj" on node 2 (Build target(s)).
     1>ClCompile:
         C:\Program Files (x86)\Microsoft Visual Studio 12.0\VC\bin\CL.exe /c /Zi /nologo /W3 /WX- /O2 /Oi /Oy- /GL /D _UNICODE /D UNICODE /Gm- /EHsc /MD /GS /Gy /fp:precise /Zc:wchar_t /Zc:forScope /Fo"Release\\" /Fd"Release\vc120.pdb" /Gd /TP /analyze- /errorReport:prompt MainGame.cpp main.cpp
         MainGame.cpp
     1>C:\Users\Ivan\Desktop\Razvoj\NTech_2D_Crystal_Enging\NTech_2D_Crystal\SpriteFont.h(36): warning C4099: 'NTCrystal::GLTexture' : type name first seen using 'struct' now seen using 'class'
                 c:\users\ivan\desktop\razvoj\ntech_2d_crystal_enging\ntech_2d_crystal\GLTexture.h(6) : see declaration of 'NTCrystal::GLTexture'
     1>MainGame.cpp(40): warning C4244: 'initializing' : conversion from 'Uint32' to 'float', possible loss of data
     1>MainGame.cpp(47): warning C4244: 'initializing' : conversion from 'Uint32' to 'float', possible loss of data
     1>MainGame.cpp(116): warning C4996: 'sprintf': This function or variable may be unsafe. Consider using sprintf_s instead. To disable deprecation, use _CRT_SECURE_NO_WARNINGS. See online help for details.
                 C:\Program Files (x86)\Microsoft Visual Studio 12.0\VC\include\stdio.h(356) : see declaration of 'sprintf'
         main.cpp
     1>C:\Users\Ivan\Desktop\Razvoj\NTech_2D_Crystal_Enging\NTech_2D_Crystal\SpriteFont.h(36): warning C4099: 'NTCrystal::GLTexture' : type name first seen using 'struct' now seen using 'class'
                 c:\users\ivan\desktop\razvoj\ntech_2d_crystal_enging\ntech_2d_crystal\GLTexture.h(6) : see declaration of 'NTCrystal::GLTexture'
       Link:
         C:\Program Files (x86)\Microsoft Visual Studio 12.0\VC\bin\link.exe /ERRORREPORT:PROMPT /OUT:"C:\Users\Ivan\Desktop\Razvoj\NTech_2D_Crystal_Enging\Release\Pong_NTechEngine.exe" /INCREMENTAL:NO /NOLOGO SDL2.lib SDL2main.lib SDL2_Image.lib SDL2_ttf.lib SDL2_mixer.lib freeglut.lib glew32.lib NTech_2D_Crystal.lib kernel32.lib user32.lib gdi32.lib winspool.lib comdlg32.lib advapi32.lib shell32.lib ole32.lib oleaut32.lib uuid.lib odbc32.lib odbccp32.lib /MANIFEST /MANIFESTUAC:"level='asInvoker' uiAccess='false'" /manifest:embed /DEBUG /PDB:"C:\Users\Ivan\Desktop\Razvoj\NTech_2D_Crystal_Enging\Release\Pong_NTechEngine.pdb" /SUBSYSTEM:CONSOLE /OPT:REF /OPT:ICF /LTCG /TLBID:1 /DYNAMICBASE /NXCOMPAT /IMPLIB:"C:\Users\Ivan\Desktop\Razvoj\NTech_2D_Crystal_Enging\Release\Pong_NTechEngine.lib" /MACHINE:X86 /SAFESEH Release\Entity.obj
         Release\main.obj
         Release\MainGame.obj
         Generating code
         Finished generating code
         Pong_NTechEngine.vcxproj -> C:\Users\Ivan\Desktop\Razvoj\NTech_2D_Crystal_Enging\Release\Pong_NTechEngine.exe
     1>Done Building Project "C:\Users\Ivan\Desktop\Razvoj\NTech_2D_Crystal_Enging\Pong_NTechEngine\Pong_NTechEngine.vcxproj" (Build target(s)).

Build succeeded.

Time Elapsed 00:00:02.14
