c:\users\ivan\desktop\other world\current build\ntech_2d_crystal_enging\ntech_2d_crystal\debug\vc120.pdb
c:\users\ivan\desktop\other world\current build\ntech_2d_crystal_enging\ntech_2d_crystal\debug\vc120.idb
c:\users\ivan\desktop\other world\current build\ntech_2d_crystal_enging\ntech_2d_crystal\debug\inputmanager.obj
c:\users\ivan\desktop\other world\current build\ntech_2d_crystal_enging\ntech_2d_crystal\debug\ntcrystal.obj
c:\users\ivan\desktop\other world\current build\ntech_2d_crystal_enging\ntech_2d_crystal\debug\camera2d.obj
c:\users\ivan\desktop\other world\current build\ntech_2d_crystal_enging\ntech_2d_crystal\debug\errors.obj
c:\users\ivan\desktop\other world\current build\ntech_2d_crystal_enging\ntech_2d_crystal\debug\glslprogram.obj
c:\users\ivan\desktop\other world\current build\ntech_2d_crystal_enging\ntech_2d_crystal\debug\imageloader.obj
c:\users\ivan\desktop\other world\current build\ntech_2d_crystal_enging\ntech_2d_crystal\debug\iomanager.obj
c:\users\ivan\desktop\other world\current build\ntech_2d_crystal_enging\ntech_2d_crystal\debug\picopng.obj
c:\users\ivan\desktop\other world\current build\ntech_2d_crystal_enging\ntech_2d_crystal\debug\resourcemanager.obj
c:\users\ivan\desktop\other world\current build\ntech_2d_crystal_enging\ntech_2d_crystal\debug\sprite.obj
c:\users\ivan\desktop\other world\current build\ntech_2d_crystal_enging\ntech_2d_crystal\debug\spritebatch.obj
c:\users\ivan\desktop\other world\current build\ntech_2d_crystal_enging\ntech_2d_crystal\debug\texturecache.obj
c:\users\ivan\desktop\other world\current build\ntech_2d_crystal_enging\ntech_2d_crystal\debug\timing.obj
c:\users\ivan\desktop\other world\current build\ntech_2d_crystal_enging\ntech_2d_crystal\debug\window.obj
c:\users\ivan\desktop\other world\current build\ntech_2d_crystal_enging\ntech_2d_crystal\debug\spritefont.obj
c:\users\ivan\desktop\other world\current build\ntech_2d_crystal_enging\ntech_2d_crystal\debug\audioengine.obj
c:\users\ivan\desktop\other world\current build\ntech_2d_crystal_enging\ntech_2d_crystal\debug\nterrors.obj
c:\users\ivan\desktop\other world\current build\ntech_2d_crystal_enging\ntech_2d_crystal\debug\particlebatch2d.obj
c:\users\ivan\desktop\other world\current build\ntech_2d_crystal_enging\ntech_2d_crystal\debug\particleengine2d.obj
c:\users\ivan\desktop\other world\current build\ntech_2d_crystal_enging\debug\ntech_2d_crystal.lib
c:\users\ivan\desktop\other world\current build\ntech_2d_crystal_enging\ntech_2d_crystal\debug\ntech_2d_crystal.tlog\cl.command.1.tlog
c:\users\ivan\desktop\other world\current build\ntech_2d_crystal_enging\ntech_2d_crystal\debug\ntech_2d_crystal.tlog\cl.read.1.tlog
c:\users\ivan\desktop\other world\current build\ntech_2d_crystal_enging\ntech_2d_crystal\debug\ntech_2d_crystal.tlog\cl.write.1.tlog
c:\users\ivan\desktop\other world\current build\ntech_2d_crystal_enging\ntech_2d_crystal\debug\ntech_2d_crystal.tlog\lib-link.read.1.tlog
c:\users\ivan\desktop\other world\current build\ntech_2d_crystal_enging\ntech_2d_crystal\debug\ntech_2d_crystal.tlog\lib-link.write.1.tlog
c:\users\ivan\desktop\other world\current build\ntech_2d_crystal_enging\ntech_2d_crystal\debug\ntech_2d_crystal.tlog\lib.command.1.tlog
