Build started 8.5.2016. 14:46:20.
     1>Project "C:\Users\Ivan\Desktop\Razvoj\NTech_2D_Crystal_Enging\SpacialPartitioning\BallGame.vcxproj" on node 2 (Build target(s)).
     1>ClCompile:
         C:\Program Files (x86)\Microsoft Visual Studio 12.0\VC\bin\CL.exe /c /Zi /nologo /W3 /WX- /sdl /O2 /Oi /Oy- /GL /D _MBCS /Gm- /EHsc /MD /GS /Gy /fp:precise /Zc:wchar_t /Zc:forScope /Fo"Release\\" /Fd"Release\vc120.pdb" /Gd /TP /analyze- /errorReport:prompt Main.cpp MainGame.cpp
         Main.cpp
         MainGame.cpp
     1>c:\users\ivan\desktop\razvoj\ntech_2d_crystal_enging\ntech_2d_crystal\GLTexture.h(6): warning C4099: 'NTCrystal::GLTexture' : type name first seen using 'class' now seen using 'struct'
                 C:\Users\Ivan\Desktop\Razvoj\NTech_2D_Crystal_Enging\NTech_2D_Crystal\SpriteFont.h(36) : see declaration of 'NTCrystal::GLTexture'
       Link:
         C:\Program Files (x86)\Microsoft Visual Studio 12.0\VC\bin\link.exe /ERRORREPORT:PROMPT /OUT:"C:\Users\Ivan\Desktop\Razvoj\NTech_2D_Crystal_Enging\Release\BallGame.exe" /NOLOGO SDL2.lib SDL2main.lib SDL2_Image.lib SDL2_ttf.lib SDL2_mixer.lib freeglut.lib glew32.lib NTech_2D_Crystal.lib kernel32.lib user32.lib gdi32.lib winspool.lib comdlg32.lib advapi32.lib shell32.lib ole32.lib oleaut32.lib uuid.lib odbc32.lib odbccp32.lib /MANIFEST /MANIFESTUAC:"level='asInvoker' uiAccess='false'" /manifest:embed /DEBUG /PDB:"C:\Users\Ivan\Desktop\Razvoj\NTech_2D_Crystal_Enging\Release\BallGame.pdb" /SUBSYSTEM:CONSOLE /OPT:REF /OPT:ICF /LTCG /TLBID:1 /DYNAMICBASE /NXCOMPAT /IMPLIB:"C:\Users\Ivan\Desktop\Razvoj\NTech_2D_Crystal_Enging\Release\BallGame.lib" /MACHINE:X86 /SAFESEH Release\Ball.obj
         Release\BallController.obj
         Release\BallRenderer.obj
         Release\Grid.obj
         Release\Main.obj
         Release\MainGame.obj
         Generating code
         Finished generating code
         BallGame.vcxproj -> C:\Users\Ivan\Desktop\Razvoj\NTech_2D_Crystal_Enging\Release\BallGame.exe
     1>Done Building Project "C:\Users\Ivan\Desktop\Razvoj\NTech_2D_Crystal_Enging\SpacialPartitioning\BallGame.vcxproj" (Build target(s)).

Build succeeded.

Time Elapsed 00:00:02.49
