c:\users\ivan\desktop\other world\current build\ntech_2d_crystal_enging\ntech_2d_crystal\release\vc120.pdb
c:\users\ivan\desktop\other world\current build\ntech_2d_crystal_enging\ntech_2d_crystal\release\picopng.obj
c:\users\ivan\desktop\other world\current build\ntech_2d_crystal_enging\ntech_2d_crystal\release\iomanager.obj
c:\users\ivan\desktop\other world\current build\ntech_2d_crystal_enging\ntech_2d_crystal\release\window.obj
c:\users\ivan\desktop\other world\current build\ntech_2d_crystal_enging\ntech_2d_crystal\release\timing.obj
c:\users\ivan\desktop\other world\current build\ntech_2d_crystal_enging\ntech_2d_crystal\release\texturecache.obj
c:\users\ivan\desktop\other world\current build\ntech_2d_crystal_enging\ntech_2d_crystal\release\spritebatch.obj
c:\users\ivan\desktop\other world\current build\ntech_2d_crystal_enging\ntech_2d_crystal\release\sprite.obj
c:\users\ivan\desktop\other world\current build\ntech_2d_crystal_enging\ntech_2d_crystal\release\resourcemanager.obj
c:\users\ivan\desktop\other world\current build\ntech_2d_crystal_enging\ntech_2d_crystal\release\imageloader.obj
c:\users\ivan\desktop\other world\current build\ntech_2d_crystal_enging\ntech_2d_crystal\release\glslprogram.obj
c:\users\ivan\desktop\other world\current build\ntech_2d_crystal_enging\ntech_2d_crystal\release\errors.obj
c:\users\ivan\desktop\other world\current build\ntech_2d_crystal_enging\ntech_2d_crystal\release\camera2d.obj
c:\users\ivan\desktop\other world\current build\ntech_2d_crystal_enging\ntech_2d_crystal\release\ntcrystal.obj
c:\users\ivan\desktop\other world\current build\ntech_2d_crystal_enging\ntech_2d_crystal\release\inputmanager.obj
c:\users\ivan\desktop\other world\current build\ntech_2d_crystal_enging\release\ntech_2d_crystal.lib
c:\users\ivan\desktop\other world\current build\ntech_2d_crystal_enging\ntech_2d_crystal\release\ntech_2d_crystal.tlog\cl.command.1.tlog
c:\users\ivan\desktop\other world\current build\ntech_2d_crystal_enging\ntech_2d_crystal\release\ntech_2d_crystal.tlog\cl.read.1.tlog
c:\users\ivan\desktop\other world\current build\ntech_2d_crystal_enging\ntech_2d_crystal\release\ntech_2d_crystal.tlog\cl.write.1.tlog
c:\users\ivan\desktop\other world\current build\ntech_2d_crystal_enging\ntech_2d_crystal\release\ntech_2d_crystal.tlog\lib-link.read.1.tlog
c:\users\ivan\desktop\other world\current build\ntech_2d_crystal_enging\ntech_2d_crystal\release\ntech_2d_crystal.tlog\lib-link.write.1.tlog
c:\users\ivan\desktop\other world\current build\ntech_2d_crystal_enging\ntech_2d_crystal\release\ntech_2d_crystal.tlog\lib.command.1.tlog
